Using pre-set license
Built from '2020.3/staging' branch; Version is '2020.3.10f1 (297d780c91bc) revision 2719096'; Using compiler version '192528614'; Build Type 'Release'
OS: 'Windows 10 Home Single Language; OS build 19042.1348; Version 2009; 64bit' Language: 'en' Physical Memory: 16193 MB
BatchMode: 1, IsHumanControllingUs: 0, StartBugReporterOnCrash: 0, Is64bit: 1, IsPro: 0

 COMMAND LINE ARGUMENTS:
C:\Program Files\Unity\Hub\Editor\2020.3.10f1\Editor\Unity.exe
-adb2
-batchMode
-noUpm
-name
AssetImportWorker0
-projectPath
D:/Third_Person
-logFile
Logs/AssetImportWorker0.log
-srvPort
51401
Successfully changed project path to: D:/Third_Person
D:/Third_Person
Using Asset Import Pipeline V2.
Refreshing native plugins compatible for Editor in 84.59 ms, found 2 plugins.
Preloading 0 native plugins for Editor in 0.00 ms.
Initialize engine version: 2020.3.10f1 (297d780c91bc)
[Subsystems] Discovering subsystems at path C:/Program Files/Unity/Hub/Editor/2020.3.10f1/Editor/Data/Resources/UnitySubsystems
[Subsystems] Discovering subsystems at path D:/Third_Person/Assets
GfxDevice: creating device client; threaded=0
Direct3D:
    Version:  Direct3D 11.0 [level 11.1]
    Renderer: NVIDIA GeForce GTX 1650 (ID=0x1f91)
    Vendor:   
    VRAM:     3962 MB
    Driver:   30.0.14.9709
Initialize mono
Mono path[0] = 'C:/Program Files/Unity/Hub/Editor/2020.3.10f1/Editor/Data/Managed'
Mono path[1] = 'C:/Program Files/Unity/Hub/Editor/2020.3.10f1/Editor/Data/MonoBleedingEdge/lib/mono/unityjit'
Mono config path = 'C:/Program Files/Unity/Hub/Editor/2020.3.10f1/Editor/Data/MonoBleedingEdge/etc'
Using monoOptions --debugger-agent=transport=dt_socket,embedding=1,server=y,suspend=n,address=127.0.0.1:56180
Begin MonoManager ReloadAssembly
Registering precompiled unity dll's ...
Register platform support module: C:/Program Files/Unity/Hub/Editor/2020.3.10f1/Editor/Data/PlaybackEngines/WindowsStandaloneSupport/UnityEditor.WindowsStandalone.Extensions.dll
Registered in 0.002931 seconds.
Native extension for WindowsStandalone target not found
Refreshing native plugins compatible for Editor in 90.22 ms, found 2 plugins.
Preloading 0 native plugins for Editor in 0.00 ms.
Mono: successfully reloaded assembly
- Completed reload, in  1.540 seconds
Platform modules already initialized, skipping
Registering precompiled user dll's ...
Registered in 0.006490 seconds.
Begin MonoManager ReloadAssembly
Native extension for WindowsStandalone target not found
Refreshing native plugins compatible for Editor in 97.74 ms, found 2 plugins.
Preloading 0 native plugins for Editor in 0.00 ms.
Mono: successfully reloaded assembly
- Completed reload, in  1.497 seconds
Platform modules already initialized, skipping
========================================================================
Worker process is ready to serve import requests
Launched and connected shader compiler UnityShaderCompiler.exe after 0.05 seconds
Refreshing native plugins compatible for Editor in 1.50 ms, found 2 plugins.
Preloading 0 native plugins for Editor in 0.00 ms.
Unloading 1856 Unused Serialized files (Serialized files now loaded: 0)
System memory in use before: 99.5 MB.
System memory in use after: 99.3 MB.

Unloading 23 unused Assets to reduce memory usage. Loaded Objects now: 2300.
Total: 3.624900 ms (FindLiveObjects: 0.350700 ms CreateObjectMapping: 0.078800 ms MarkObjects: 2.840800 ms  DeleteObjects: 0.353000 ms)

========================================================================
Received Import Request.
  path: Assets/LowPoly Environment Pack/Demo/Scene 1/CameraTimeline Scene 1.playable
  artifactKey: Guid(d44d463529724c547bb6a8cfb68c72e8) Importer(815301076,1909f56bfc062723c751e8b465ee728b)
Start importing Assets/LowPoly Environment Pack/Demo/Scene 1/CameraTimeline Scene 1.playable using Guid(d44d463529724c547bb6a8cfb68c72e8) Importer(815301076,1909f56bfc062723c751e8b465ee728b)  -> (artifact id: '23a9fce0935517b2859edfd177536d3d') in 0.055866 seconds
  Import took 0.060046 seconds .

========================================================================
Received Import Request.
  Time since last request: 0.000332 seconds.
  path: Assets/LowPoly Environment Pack/Demo/Skybox.mat
  artifactKey: Guid(f14e791cab3ea0c4397ab4827d05bebc) Importer(815301076,1909f56bfc062723c751e8b465ee728b)
Start importing Assets/LowPoly Environment Pack/Demo/Skybox.mat using Guid(f14e791cab3ea0c4397ab4827d05bebc) Importer(815301076,1909f56bfc062723c751e8b465ee728b)  -> (artifact id: '8d09335d866e40c2433b04ec5fe8f468') in 0.168705 seconds
  Import took 0.336983 seconds .

========================================================================
Received Import Request.
  Time since last request: 0.000250 seconds.
  path: Assets/LowPoly Environment Pack
  artifactKey: Guid(a5fef4f7581533544a58cecefe440abe) Importer(815301076,1909f56bfc062723c751e8b465ee728b)
Start importing Assets/LowPoly Environment Pack using Guid(a5fef4f7581533544a58cecefe440abe) Importer(815301076,1909f56bfc062723c751e8b465ee728b)  -> (artifact id: '2c353d76f04720019747507b79fd10bb') in 0.008093 seconds
  Import took 0.012601 seconds .

========================================================================
Received Import Request.
  Time since last request: 0.000257 seconds.
  path: Assets/LowPoly Environment Pack/Demo/Scene 1/PPS Demo 1.asset
  artifactKey: Guid(5e9da65ad60c5c9429eca5d7653cbf05) Importer(815301076,1909f56bfc062723c751e8b465ee728b)
Start importing Assets/LowPoly Environment Pack/Demo/Scene 1/PPS Demo 1.asset using Guid(5e9da65ad60c5c9429eca5d7653cbf05) Importer(815301076,1909f56bfc062723c751e8b465ee728b)  -> (artifact id: 'ed53d3d82cda29dd350f8323714d7301') in 0.010449 seconds
  Import took 0.014267 seconds .

========================================================================
Received Import Request.
  Time since last request: 0.000203 seconds.
  path: Assets/LowPoly Environment Pack/Demo
  artifactKey: Guid(82ad8ac609380ca47aea35aa6c5689df) Importer(815301076,1909f56bfc062723c751e8b465ee728b)
Start importing Assets/LowPoly Environment Pack/Demo using Guid(82ad8ac609380ca47aea35aa6c5689df) Importer(815301076,1909f56bfc062723c751e8b465ee728b)  -> (artifact id: 'a665b3605e0327cceb20ad4bee3e82ea') in 0.008729 seconds
  Import took 0.012470 seconds .

========================================================================
Received Import Request.
  Time since last request: 0.000231 seconds.
  path: Assets/LowPoly Environment Pack/Demo/Scene 1
  artifactKey: Guid(f91f7c53f956fd14cb88deffdacd9944) Importer(815301076,1909f56bfc062723c751e8b465ee728b)
Start importing Assets/LowPoly Environment Pack/Demo/Scene 1 using Guid(f91f7c53f956fd14cb88deffdacd9944) Importer(815301076,1909f56bfc062723c751e8b465ee728b)  -> (artifact id: 'e7e2c9ab9b0b6ba30200fa9fdca23ccf') in 0.010253 seconds
  Import took 0.014657 seconds .

========================================================================
Received Import Request.
  Time since last request: 4.049384 seconds.
  path: Assets/LowPoly Environment Pack/Demo/Demo 1.unity
  artifactKey: Guid(e1b793c40df980747b159fd6e9176269) Importer(815301076,1909f56bfc062723c751e8b465ee728b)
Start importing Assets/LowPoly Environment Pack/Demo/Demo 1.unity using Guid(e1b793c40df980747b159fd6e9176269) Importer(815301076,1909f56bfc062723c751e8b465ee728b)  -> (artifact id: '82442141bd86dd5cea7133a1189d1bba') in 0.008137 seconds
  Import took 0.026724 seconds .

========================================================================
Received Import Request.
  Time since last request: 47.252958 seconds.
  path: Assets/Cowboy
  artifactKey: Guid(25dec5aeca338a24b969300292f701ab) Importer(815301076,1909f56bfc062723c751e8b465ee728b)
Start importing Assets/Cowboy using Guid(25dec5aeca338a24b969300292f701ab) Importer(815301076,1909f56bfc062723c751e8b465ee728b)  -> (artifact id: 'e77cc806b9f6832c7109f0c6c0bc900a') in 0.010425 seconds
  Import took 0.015385 seconds .

========================================================================
Received Import Request.
  Time since last request: 1.635736 seconds.
  path: Assets/Cowboy/Prefabs
  artifactKey: Guid(f9b02e064a3c0e348b82153fed3a0728) Importer(815301076,1909f56bfc062723c751e8b465ee728b)
Start importing Assets/Cowboy/Prefabs using Guid(f9b02e064a3c0e348b82153fed3a0728) Importer(815301076,1909f56bfc062723c751e8b465ee728b)  -> (artifact id: '4ecfcf1854067e8fbaea47e9bd2577eb') in 0.008586 seconds
  Import took 0.012661 seconds .

========================================================================
Received Import Request.
  Time since last request: 0.095559 seconds.
  path: Assets/Cowboy/Prefabs/Cowboy.prefab
  artifactKey: Guid(93f8a13fb89985e4f8d0d8ecff94969a) Importer(815301076,1909f56bfc062723c751e8b465ee728b)
Start importing Assets/Cowboy/Prefabs/Cowboy.prefab using Guid(93f8a13fb89985e4f8d0d8ecff94969a) Importer(815301076,1909f56bfc062723c751e8b465ee728b)  -> (artifact id: 'c1b73a681306a53da215c2ed5694a1f2') in 0.075270 seconds
  Import took 0.178774 seconds .

========================================================================
Received Prepare
Registering precompiled user dll's ...
Registered in 0.005716 seconds.
Begin MonoManager ReloadAssembly
Native extension for WindowsStandalone target not found
Refreshing native plugins compatible for Editor in 0.96 ms, found 2 plugins.
Preloading 0 native plugins for Editor in 0.00 ms.
Mono: successfully reloaded assembly
- Completed reload, in  1.286 seconds
Platform modules already initialized, skipping
Refreshing native plugins compatible for Editor in 1.08 ms, found 2 plugins.
Preloading 0 native plugins for Editor in 0.00 ms.
Unloading 1827 Unused Serialized files (Serialized files now loaded: 0)
System memory in use before: 114.1 MB.
System memory in use after: 113.9 MB.

Unloading 16 unused Assets to reduce memory usage. Loaded Objects now: 2344.
Total: 3.851500 ms (FindLiveObjects: 0.229700 ms CreateObjectMapping: 0.047200 ms MarkObjects: 3.270400 ms  DeleteObjects: 0.301900 ms)

AssetImportWorkerClient::OnTransportError - code=2 error=End of file
