Using pre-set license
Built from '2020.3/staging' branch; Version is '2020.3.10f1 (297d780c91bc) revision 2719096'; Using compiler version '192528614'; Build Type 'Release'
OS: 'Windows 10 Home Single Language; OS build 19042.1415; Version 2009; 64bit' Language: 'en' Physical Memory: 16193 MB
BatchMode: 1, IsHumanControllingUs: 0, StartBugReporterOnCrash: 0, Is64bit: 1, IsPro: 0

 COMMAND LINE ARGUMENTS:
C:\Program Files\Unity\Hub\Editor\2020.3.10f1\Editor\Unity.exe
-adb2
-batchMode
-noUpm
-name
AssetImportWorker0
-projectPath
D:/Aaah/Timeline/Timeline/Third_Person
-logFile
Logs/AssetImportWorker0.log
-srvPort
51530
Successfully changed project path to: D:/Aaah/Timeline/Timeline/Third_Person
D:/Aaah/Timeline/Timeline/Third_Person
Using Asset Import Pipeline V2.
Refreshing native plugins compatible for Editor in 59.59 ms, found 2 plugins.
Preloading 0 native plugins for Editor in 0.00 ms.
Initialize engine version: 2020.3.10f1 (297d780c91bc)
[Subsystems] Discovering subsystems at path C:/Program Files/Unity/Hub/Editor/2020.3.10f1/Editor/Data/Resources/UnitySubsystems
[Subsystems] Discovering subsystems at path D:/Aaah/Timeline/Timeline/Third_Person/Assets
GfxDevice: creating device client; threaded=0
Direct3D:
    Version:  Direct3D 11.0 [level 11.1]
    Renderer: NVIDIA GeForce GTX 1650 (ID=0x1f91)
    Vendor:   
    VRAM:     3962 MB
    Driver:   30.0.14.9709
Initialize mono
Mono path[0] = 'C:/Program Files/Unity/Hub/Editor/2020.3.10f1/Editor/Data/Managed'
Mono path[1] = 'C:/Program Files/Unity/Hub/Editor/2020.3.10f1/Editor/Data/MonoBleedingEdge/lib/mono/unityjit'
Mono config path = 'C:/Program Files/Unity/Hub/Editor/2020.3.10f1/Editor/Data/MonoBleedingEdge/etc'
Using monoOptions --debugger-agent=transport=dt_socket,embedding=1,server=y,suspend=n,address=127.0.0.1:56496
Begin MonoManager ReloadAssembly
Registering precompiled unity dll's ...
Register platform support module: C:/Program Files/Unity/Hub/Editor/2020.3.10f1/Editor/Data/PlaybackEngines/WindowsStandaloneSupport/UnityEditor.WindowsStandalone.Extensions.dll
Registered in 0.003364 seconds.
Native extension for WindowsStandalone target not found
Refreshing native plugins compatible for Editor in 50.90 ms, found 2 plugins.
Preloading 0 native plugins for Editor in 0.00 ms.
Mono: successfully reloaded assembly
- Completed reload, in  1.618 seconds
Platform modules already initialized, skipping
Registering precompiled user dll's ...
Registered in 0.006379 seconds.
Begin MonoManager ReloadAssembly
Native extension for WindowsStandalone target not found
Refreshing native plugins compatible for Editor in 55.88 ms, found 2 plugins.
Preloading 0 native plugins for Editor in 0.00 ms.
Mono: successfully reloaded assembly
- Completed reload, in  1.579 seconds
Platform modules already initialized, skipping
========================================================================
Worker process is ready to serve import requests
Launched and connected shader compiler UnityShaderCompiler.exe after 0.05 seconds
Refreshing native plugins compatible for Editor in 0.59 ms, found 2 plugins.
Preloading 0 native plugins for Editor in 0.00 ms.
Unloading 1988 Unused Serialized files (Serialized files now loaded: 0)
System memory in use before: 89.2 MB.
System memory in use after: 89.2 MB.

Unloading 24 unused Assets to reduce memory usage. Loaded Objects now: 2430.
Total: 2.957900 ms (FindLiveObjects: 0.243800 ms CreateObjectMapping: 0.076800 ms MarkObjects: 2.434300 ms  DeleteObjects: 0.201400 ms)

========================================================================
Received Import Request.
  path: Assets/Animations/Cowboy_1.controller
  artifactKey: Guid(0c50a1c854cf84d44bd687a4e5a8e62a) Importer(815301076,1909f56bfc062723c751e8b465ee728b)
Start importing Assets/Animations/Cowboy_1.controller using Guid(0c50a1c854cf84d44bd687a4e5a8e62a) Importer(815301076,1909f56bfc062723c751e8b465ee728b)  -> (artifact id: 'be1ef5bae37126613be5d6e84b723dc8') in 0.048690 seconds
  Import took 0.052864 seconds .

========================================================================
Received Prepare
Registering precompiled user dll's ...
Registered in 0.006075 seconds.
Begin MonoManager ReloadAssembly
Native extension for WindowsStandalone target not found
Refreshing native plugins compatible for Editor in 0.62 ms, found 2 plugins.
Preloading 0 native plugins for Editor in 0.00 ms.
Mono: successfully reloaded assembly
- Completed reload, in  1.360 seconds
Platform modules already initialized, skipping
Refreshing native plugins compatible for Editor in 0.61 ms, found 2 plugins.
Preloading 0 native plugins for Editor in 0.00 ms.
Unloading 1981 Unused Serialized files (Serialized files now loaded: 0)
System memory in use before: 89.1 MB.
System memory in use after: 89.2 MB.

Unloading 17 unused Assets to reduce memory usage. Loaded Objects now: 2432.
Total: 3.142700 ms (FindLiveObjects: 0.253500 ms CreateObjectMapping: 0.068400 ms MarkObjects: 2.730100 ms  DeleteObjects: 0.088200 ms)

========================================================================
Received Import Request.
  Time since last request: 200.864783 seconds.
  path: Assets/Animations/Cowboy_2.controller
  artifactKey: Guid(3c54bc2f516933a40a534d8c8828321e) Importer(815301076,1909f56bfc062723c751e8b465ee728b)
Start importing Assets/Animations/Cowboy_2.controller using Guid(3c54bc2f516933a40a534d8c8828321e) Importer(815301076,1909f56bfc062723c751e8b465ee728b)  -> (artifact id: '9dd5426221c69aa6fd528845b93dba35') in 0.024270 seconds
  Import took 0.028465 seconds .

========================================================================
Received Import Request.
  Time since last request: 5.643650 seconds.
  path: Assets/Timeline.playable
  artifactKey: Guid(b373a777f7a486b41a2aeec51d2984b5) Importer(815301076,1909f56bfc062723c751e8b465ee728b)
Start importing Assets/Timeline.playable using Guid(b373a777f7a486b41a2aeec51d2984b5) Importer(815301076,1909f56bfc062723c751e8b465ee728b)  -> (artifact id: '2756819776bce6ee881b034b1409057c') in 0.034116 seconds
  Import took 0.039130 seconds .

========================================================================
Received Import Request.
  Time since last request: 4.459134 seconds.
  path: Assets/Cowboy/Prefabs/Cowboy 1.1@Drawing Gun.fbx
  artifactKey: Guid(fc65b3bed2d99334b8e7b60e1ba5003c) Importer(815301076,1909f56bfc062723c751e8b465ee728b)
Start importing Assets/Cowboy/Prefabs/Cowboy 1.1@Drawing Gun.fbx using Guid(fc65b3bed2d99334b8e7b60e1ba5003c) Importer(815301076,1909f56bfc062723c751e8b465ee728b)  -> (artifact id: '848eb1a2da5885825bc64620a4dc4ade') in 0.064487 seconds
  Import took 0.068642 seconds .

AssetImportWorkerClient::OnTransportError - code=2 error=End of file
